#! /opt/homebrew/Cellar/icarus-verilog/12.0/bin/vvp
:ivl_version "12.0 (stable)";
:ivl_delay_selection "TYPICAL";
:vpi_time_precision + 0;
:vpi_module "/opt/homebrew/Cellar/icarus-verilog/12.0/lib/ivl/system.vpi";
:vpi_module "/opt/homebrew/Cellar/icarus-verilog/12.0/lib/ivl/vhdl_sys.vpi";
:vpi_module "/opt/homebrew/Cellar/icarus-verilog/12.0/lib/ivl/vhdl_textio.vpi";
:vpi_module "/opt/homebrew/Cellar/icarus-verilog/12.0/lib/ivl/v2005_math.vpi";
:vpi_module "/opt/homebrew/Cellar/icarus-verilog/12.0/lib/ivl/va_math.vpi";
S_0x1231041c0 .scope module, "seg7" "seg7" 2 14;
 .timescale 0 0;
    .port_info 0 /INPUT 4 "counter";
    .port_info 1 /OUTPUT 7 "segments";
o0x118008010 .functor BUFZ 4, C4<zzzz>; HiZ drive
v0x1231043e0_0 .net "counter", 3 0, o0x118008010;  0 drivers
v0x1231144a0_0 .var "segments", 6 0;
E_0x123104380 .event anyedge, v0x1231043e0_0;
    .scope S_0x1231041c0;
T_0 ;
    %wait E_0x123104380;
    %load/vec4 v0x1231043e0_0;
    %dup/vec4;
    %pushi/vec4 0, 0, 4;
    %cmp/u;
    %jmp/1 T_0.0, 6;
    %dup/vec4;
    %pushi/vec4 1, 0, 4;
    %cmp/u;
    %jmp/1 T_0.1, 6;
    %dup/vec4;
    %pushi/vec4 2, 0, 4;
    %cmp/u;
    %jmp/1 T_0.2, 6;
    %dup/vec4;
    %pushi/vec4 3, 0, 4;
    %cmp/u;
    %jmp/1 T_0.3, 6;
    %dup/vec4;
    %pushi/vec4 4, 0, 4;
    %cmp/u;
    %jmp/1 T_0.4, 6;
    %dup/vec4;
    %pushi/vec4 5, 0, 4;
    %cmp/u;
    %jmp/1 T_0.5, 6;
    %dup/vec4;
    %pushi/vec4 6, 0, 4;
    %cmp/u;
    %jmp/1 T_0.6, 6;
    %dup/vec4;
    %pushi/vec4 7, 0, 4;
    %cmp/u;
    %jmp/1 T_0.7, 6;
    %dup/vec4;
    %pushi/vec4 8, 0, 4;
    %cmp/u;
    %jmp/1 T_0.8, 6;
    %dup/vec4;
    %pushi/vec4 9, 0, 4;
    %cmp/u;
    %jmp/1 T_0.9, 6;
    %pushi/vec4 0, 0, 7;
    %store/vec4 v0x1231144a0_0, 0, 7;
    %jmp T_0.11;
T_0.0 ;
    %pushi/vec4 63, 0, 7;
    %store/vec4 v0x1231144a0_0, 0, 7;
    %jmp T_0.11;
T_0.1 ;
    %pushi/vec4 6, 0, 7;
    %store/vec4 v0x1231144a0_0, 0, 7;
    %jmp T_0.11;
T_0.2 ;
    %pushi/vec4 91, 0, 7;
    %store/vec4 v0x1231144a0_0, 0, 7;
    %jmp T_0.11;
T_0.3 ;
    %pushi/vec4 79, 0, 7;
    %store/vec4 v0x1231144a0_0, 0, 7;
    %jmp T_0.11;
T_0.4 ;
    %pushi/vec4 102, 0, 7;
    %store/vec4 v0x1231144a0_0, 0, 7;
    %jmp T_0.11;
T_0.5 ;
    %pushi/vec4 109, 0, 7;
    %store/vec4 v0x1231144a0_0, 0, 7;
    %jmp T_0.11;
T_0.6 ;
    %pushi/vec4 124, 0, 7;
    %store/vec4 v0x1231144a0_0, 0, 7;
    %jmp T_0.11;
T_0.7 ;
    %pushi/vec4 7, 0, 7;
    %store/vec4 v0x1231144a0_0, 0, 7;
    %jmp T_0.11;
T_0.8 ;
    %pushi/vec4 127, 0, 7;
    %store/vec4 v0x1231144a0_0, 0, 7;
    %jmp T_0.11;
T_0.9 ;
    %pushi/vec4 103, 0, 7;
    %store/vec4 v0x1231144a0_0, 0, 7;
    %jmp T_0.11;
T_0.11 ;
    %pop/vec4 1;
    %jmp T_0;
    .thread T_0, $push;
# The file index is used to find the file name in the following table.
:file_names 3;
    "N/A";
    "<interactive>";
    "decoder.v";
