#! /opt/homebrew/Cellar/icarus-verilog/12.0/bin/vvp
:ivl_version "12.0 (stable)";
:ivl_delay_selection "TYPICAL";
:vpi_time_precision + 0;
:vpi_module "/opt/homebrew/Cellar/icarus-verilog/12.0/lib/ivl/system.vpi";
:vpi_module "/opt/homebrew/Cellar/icarus-verilog/12.0/lib/ivl/vhdl_sys.vpi";
:vpi_module "/opt/homebrew/Cellar/icarus-verilog/12.0/lib/ivl/vhdl_textio.vpi";
:vpi_module "/opt/homebrew/Cellar/icarus-verilog/12.0/lib/ivl/v2005_math.vpi";
:vpi_module "/opt/homebrew/Cellar/icarus-verilog/12.0/lib/ivl/va_math.vpi";
S_0x147608110 .scope module, "seg7_enc" "seg7_enc" 2 13;
 .timescale 0 0;
    .port_info 0 /OUTPUT 4 "digit";
    .port_info 1 /INPUT 7 "segments";
    .port_info 2 /INPUT 1 "N";
o0x148040010 .functor BUFZ 1, C4<z>; HiZ drive
v0x147608280_0 .net "N", 0 0, o0x148040010;  0 drivers
v0x14761e040_0 .var/s "digit", 3 0;
v0x14761e0e0_0 .net "full_val", 7 0, L_0x14761e290;  1 drivers
o0x1480400a0 .functor BUFZ 7, C4<zzzzzzz>; HiZ drive
v0x14761e190_0 .net "segments", 6 0, o0x1480400a0;  0 drivers
E_0x1476086c0 .event anyedge, v0x14761e0e0_0;
L_0x14761e290 .concat [ 7 1 0 0], o0x1480400a0, o0x148040010;
    .scope S_0x147608110;
T_0 ;
    %wait E_0x1476086c0;
    %load/vec4 v0x14761e0e0_0;
    %dup/vec4;
    %pushi/vec4 63, 0, 8;
    %cmp/u;
    %jmp/1 T_0.0, 6;
    %dup/vec4;
    %pushi/vec4 6, 0, 8;
    %cmp/u;
    %jmp/1 T_0.1, 6;
    %dup/vec4;
    %pushi/vec4 91, 0, 8;
    %cmp/u;
    %jmp/1 T_0.2, 6;
    %dup/vec4;
    %pushi/vec4 79, 0, 8;
    %cmp/u;
    %jmp/1 T_0.3, 6;
    %dup/vec4;
    %pushi/vec4 102, 0, 8;
    %cmp/u;
    %jmp/1 T_0.4, 6;
    %dup/vec4;
    %pushi/vec4 109, 0, 8;
    %cmp/u;
    %jmp/1 T_0.5, 6;
    %dup/vec4;
    %pushi/vec4 124, 0, 8;
    %cmp/u;
    %jmp/1 T_0.6, 6;
    %dup/vec4;
    %pushi/vec4 7, 0, 8;
    %cmp/u;
    %jmp/1 T_0.7, 6;
    %dup/vec4;
    %pushi/vec4 255, 0, 8;
    %cmp/u;
    %jmp/1 T_0.8, 6;
    %dup/vec4;
    %pushi/vec4 135, 0, 8;
    %cmp/u;
    %jmp/1 T_0.9, 6;
    %dup/vec4;
    %pushi/vec4 252, 0, 8;
    %cmp/u;
    %jmp/1 T_0.10, 6;
    %dup/vec4;
    %pushi/vec4 237, 0, 8;
    %cmp/u;
    %jmp/1 T_0.11, 6;
    %dup/vec4;
    %pushi/vec4 230, 0, 8;
    %cmp/u;
    %jmp/1 T_0.12, 6;
    %dup/vec4;
    %pushi/vec4 207, 0, 8;
    %cmp/u;
    %jmp/1 T_0.13, 6;
    %dup/vec4;
    %pushi/vec4 219, 0, 8;
    %cmp/u;
    %jmp/1 T_0.14, 6;
    %dup/vec4;
    %pushi/vec4 134, 0, 8;
    %cmp/u;
    %jmp/1 T_0.15, 6;
    %pushi/vec4 15, 0, 4;
    %store/vec4 v0x14761e040_0, 0, 4;
    %jmp T_0.17;
T_0.0 ;
    %pushi/vec4 0, 0, 4;
    %store/vec4 v0x14761e040_0, 0, 4;
    %jmp T_0.17;
T_0.1 ;
    %pushi/vec4 1, 0, 4;
    %store/vec4 v0x14761e040_0, 0, 4;
    %jmp T_0.17;
T_0.2 ;
    %pushi/vec4 2, 0, 4;
    %store/vec4 v0x14761e040_0, 0, 4;
    %jmp T_0.17;
T_0.3 ;
    %pushi/vec4 3, 0, 4;
    %store/vec4 v0x14761e040_0, 0, 4;
    %jmp T_0.17;
T_0.4 ;
    %pushi/vec4 4, 0, 4;
    %store/vec4 v0x14761e040_0, 0, 4;
    %jmp T_0.17;
T_0.5 ;
    %pushi/vec4 5, 0, 4;
    %store/vec4 v0x14761e040_0, 0, 4;
    %jmp T_0.17;
T_0.6 ;
    %pushi/vec4 6, 0, 4;
    %store/vec4 v0x14761e040_0, 0, 4;
    %jmp T_0.17;
T_0.7 ;
    %pushi/vec4 7, 0, 4;
    %store/vec4 v0x14761e040_0, 0, 4;
    %jmp T_0.17;
T_0.8 ;
    %pushi/vec4 8, 0, 4;
    %store/vec4 v0x14761e040_0, 0, 4;
    %jmp T_0.17;
T_0.9 ;
    %pushi/vec4 9, 0, 4;
    %store/vec4 v0x14761e040_0, 0, 4;
    %jmp T_0.17;
T_0.10 ;
    %pushi/vec4 10, 0, 4;
    %store/vec4 v0x14761e040_0, 0, 4;
    %jmp T_0.17;
T_0.11 ;
    %pushi/vec4 11, 0, 4;
    %store/vec4 v0x14761e040_0, 0, 4;
    %jmp T_0.17;
T_0.12 ;
    %pushi/vec4 12, 0, 4;
    %store/vec4 v0x14761e040_0, 0, 4;
    %jmp T_0.17;
T_0.13 ;
    %pushi/vec4 13, 0, 4;
    %store/vec4 v0x14761e040_0, 0, 4;
    %jmp T_0.17;
T_0.14 ;
    %pushi/vec4 14, 0, 4;
    %store/vec4 v0x14761e040_0, 0, 4;
    %jmp T_0.17;
T_0.15 ;
    %pushi/vec4 15, 0, 4;
    %store/vec4 v0x14761e040_0, 0, 4;
    %jmp T_0.17;
T_0.17 ;
    %pop/vec4 1;
    %jmp T_0;
    .thread T_0, $push;
# The file index is used to find the file name in the following table.
:file_names 3;
    "N/A";
    "<interactive>";
    "tb_encoder.v";
