#! /opt/homebrew/Cellar/icarus-verilog/12.0/bin/vvp
:ivl_version "12.0 (stable)";
:ivl_delay_selection "TYPICAL";
:vpi_time_precision + 0;
:vpi_module "/opt/homebrew/Cellar/icarus-verilog/12.0/lib/ivl/system.vpi";
:vpi_module "/opt/homebrew/Cellar/icarus-verilog/12.0/lib/ivl/vhdl_sys.vpi";
:vpi_module "/opt/homebrew/Cellar/icarus-verilog/12.0/lib/ivl/vhdl_textio.vpi";
:vpi_module "/opt/homebrew/Cellar/icarus-verilog/12.0/lib/ivl/v2005_math.vpi";
:vpi_module "/opt/homebrew/Cellar/icarus-verilog/12.0/lib/ivl/va_math.vpi";
S_0x137621dd0 .scope module, "tt_um_dcb277_ALU" "tt_um_dcb277_ALU" 2 105;
 .timescale 0 0;
    .port_info 0 /INPUT 8 "ui_in";
    .port_info 1 /OUTPUT 8 "uo_out";
    .port_info 2 /INPUT 8 "uio_in";
    .port_info 3 /OUTPUT 8 "uio_out";
    .port_info 4 /OUTPUT 8 "uio_oe";
    .port_info 5 /INPUT 1 "ena";
    .port_info 6 /INPUT 1 "clk";
    .port_info 7 /INPUT 1 "rst_n";
P_0x137611b80 .param/l "f_add" 0 2 147, C4<0000>;
P_0x137611bc0 .param/l "f_and" 0 2 149, C4<0100>;
P_0x137611c00 .param/l "f_or" 0 2 150, C4<0101>;
P_0x137611c40 .param/l "f_pass" 0 2 155, C4<1111>;
P_0x137611c80 .param/l "f_sll" 0 2 152, C4<1000>;
P_0x137611cc0 .param/l "f_sra" 0 2 154, C4<1010>;
P_0x137611d00 .param/l "f_srl" 0 2 153, C4<1001>;
P_0x137611d40 .param/l "f_sub" 0 2 148, C4<0001>;
P_0x137611d80 .param/l "f_xor" 0 2 151, C4<0110>;
L_0x137654690 .functor BUFZ 1, L_0x137655250, C4<0>, C4<0>, C4<0>;
L_0x137654740 .functor BUFZ 1, L_0x137655340, C4<0>, C4<0>, C4<0>;
L_0x1376547f0 .functor BUFZ 1, L_0x13765b120, C4<0>, C4<0>, C4<0>;
L_0x1376548c0 .functor BUFZ 1, L_0x13765ad70, C4<0>, C4<0>, C4<0>;
L_0x137654db0 .functor OR 1, L_0x137654bf0, L_0x137654cd0, C4<0>, C4<0>;
L_0x137654fc0 .functor OR 1, L_0x137654db0, L_0x137654ea0, C4<0>, C4<0>;
L_0x137655160 .functor OR 1, L_0x137654fc0, L_0x137655070, C4<0>, C4<0>;
L_0x137655250 .functor NOT 1, L_0x137655160, C4<0>, C4<0>, C4<0>;
L_0x137655420 .functor BUFZ 7, v0x1376502d0_0, C4<0000000>, C4<0000000>, C4<0000000>;
L_0x137655d30 .functor NOT 4, L_0x1376544f0, C4<0000>, C4<0000>, C4<0000>;
v0x137651340_0 .net "A", 3 0, L_0x1376543b0;  1 drivers
v0x1376513d0_0 .net "ALU_out", 3 0, L_0x137657140;  1 drivers
v0x137651460_0 .net "B", 3 0, L_0x1376544f0;  1 drivers
v0x1376514f0_0 .net "C", 0 0, L_0x13765b120;  1 drivers
v0x1376515a0_0 .net "C_in", 0 0, L_0x137655bd0;  1 drivers
v0x137651670_0 .net "N", 0 0, L_0x137655340;  1 drivers
v0x137651700_0 .net "V", 0 0, L_0x13765ad70;  1 drivers
v0x1376517b0_0 .net "Ze", 0 0, L_0x137655250;  1 drivers
L_0x1180683b8 .functor BUFT 1, C4<0110>, C4<0>, C4<0>, C4<0>;
v0x137651840_0 .net/2u *"_ivl_100", 3 0, L_0x1180683b8;  1 drivers
v0x137651950_0 .net *"_ivl_102", 0 0, L_0x137656110;  1 drivers
L_0x118068400 .functor BUFT 1, C4<1000>, C4<0>, C4<0>, C4<0>;
v0x1376519e0_0 .net/2u *"_ivl_104", 3 0, L_0x118068400;  1 drivers
v0x137651a80_0 .net *"_ivl_106", 0 0, L_0x1376563e0;  1 drivers
L_0x118068448 .functor BUFT 1, C4<1001>, C4<0>, C4<0>, C4<0>;
v0x137651b20_0 .net/2u *"_ivl_108", 3 0, L_0x118068448;  1 drivers
v0x137651bd0_0 .net *"_ivl_110", 0 0, L_0x1376562f0;  1 drivers
L_0x118068490 .functor BUFT 1, C4<1010>, C4<0>, C4<0>, C4<0>;
v0x137651c70_0 .net/2u *"_ivl_112", 3 0, L_0x118068490;  1 drivers
v0x137651d20_0 .net *"_ivl_114", 0 0, L_0x137656780;  1 drivers
v0x137651dc0_0 .net *"_ivl_116", 3 0, L_0x1376568f0;  1 drivers
v0x137651f50_0 .net *"_ivl_118", 3 0, L_0x1376565c0;  1 drivers
v0x137651fe0_0 .net *"_ivl_120", 3 0, L_0x137656a70;  1 drivers
v0x137652090_0 .net *"_ivl_122", 3 0, L_0x137656bd0;  1 drivers
v0x137652140_0 .net *"_ivl_124", 3 0, L_0x137656d60;  1 drivers
v0x1376521f0_0 .net *"_ivl_126", 3 0, L_0x137656e40;  1 drivers
v0x1376522a0_0 .net *"_ivl_128", 3 0, L_0x137657060;  1 drivers
v0x137652350_0 .net *"_ivl_13", 0 0, L_0x137654690;  1 drivers
v0x137652400_0 .net *"_ivl_17", 0 0, L_0x137654740;  1 drivers
v0x1376524b0_0 .net *"_ivl_21", 0 0, L_0x1376547f0;  1 drivers
v0x137652560_0 .net *"_ivl_25", 0 0, L_0x1376548c0;  1 drivers
L_0x118068058 .functor BUFT 1, C4<0000>, C4<0>, C4<0>, C4<0>;
v0x137652610_0 .net/2u *"_ivl_29", 3 0, L_0x118068058;  1 drivers
v0x1376526c0_0 .net *"_ivl_32", 0 0, L_0x137654bf0;  1 drivers
v0x137652770_0 .net *"_ivl_34", 0 0, L_0x137654cd0;  1 drivers
v0x137652820_0 .net *"_ivl_35", 0 0, L_0x137654db0;  1 drivers
v0x1376528d0_0 .net *"_ivl_38", 0 0, L_0x137654ea0;  1 drivers
v0x137652980_0 .net *"_ivl_39", 0 0, L_0x137654fc0;  1 drivers
v0x137651e70_0 .net *"_ivl_42", 0 0, L_0x137655070;  1 drivers
v0x137652c10_0 .net *"_ivl_43", 0 0, L_0x137655160;  1 drivers
v0x137652ca0_0 .net *"_ivl_52", 6 0, L_0x137655420;  1 drivers
L_0x1180680a0 .functor BUFT 1, C4<0>, C4<0>, C4<0>, C4<0>;
v0x137652d40_0 .net/2u *"_ivl_56", 0 0, L_0x1180680a0;  1 drivers
v0x137652df0_0 .net *"_ivl_59", 0 0, L_0x137655660;  1 drivers
v0x137652ea0_0 .net *"_ivl_60", 31 0, L_0x137655700;  1 drivers
L_0x1180680e8 .functor BUFT 1, C4<0000000000000000000000000000000>, C4<0>, C4<0>, C4<0>;
v0x137652f50_0 .net *"_ivl_63", 30 0, L_0x1180680e8;  1 drivers
L_0x118068130 .functor BUFT 1, C4<00000000000000000000000000000001>, C4<0>, C4<0>, C4<0>;
v0x137653000_0 .net/2u *"_ivl_64", 31 0, L_0x118068130;  1 drivers
v0x1376530b0_0 .net *"_ivl_66", 0 0, L_0x137655890;  1 drivers
L_0x118068178 .functor BUFT 1, C4<1>, C4<0>, C4<0>, C4<0>;
v0x137653150_0 .net/2u *"_ivl_68", 0 0, L_0x118068178;  1 drivers
L_0x1180681c0 .functor BUFT 1, C4<0>, C4<0>, C4<0>, C4<0>;
v0x137653200_0 .net/2u *"_ivl_70", 0 0, L_0x1180681c0;  1 drivers
L_0x118068208 .functor BUFT 1, C4<1>, C4<0>, C4<0>, C4<0>;
v0x1376532b0_0 .net/2u *"_ivl_74", 0 0, L_0x118068208;  1 drivers
L_0x118068250 .functor BUFT 1, C4<0>, C4<0>, C4<0>, C4<0>;
v0x137653360_0 .net/2u *"_ivl_76", 0 0, L_0x118068250;  1 drivers
v0x137653410_0 .net *"_ivl_80", 3 0, L_0x137655d30;  1 drivers
L_0x118068298 .functor BUFT 1, C4<0000>, C4<0>, C4<0>, C4<0>;
v0x1376534c0_0 .net/2u *"_ivl_84", 3 0, L_0x118068298;  1 drivers
v0x137653570_0 .net *"_ivl_86", 0 0, L_0x137655f10;  1 drivers
L_0x1180682e0 .functor BUFT 1, C4<0001>, C4<0>, C4<0>, C4<0>;
v0x137653610_0 .net/2u *"_ivl_88", 3 0, L_0x1180682e0;  1 drivers
v0x1376536c0_0 .net *"_ivl_90", 0 0, L_0x137655ff0;  1 drivers
L_0x118068328 .functor BUFT 1, C4<0100>, C4<0>, C4<0>, C4<0>;
v0x137653760_0 .net/2u *"_ivl_92", 3 0, L_0x118068328;  1 drivers
v0x137653810_0 .net *"_ivl_94", 0 0, L_0x1376561b0;  1 drivers
L_0x118068370 .functor BUFT 1, C4<0101>, C4<0>, C4<0>, C4<0>;
v0x1376538b0_0 .net/2u *"_ivl_96", 3 0, L_0x118068370;  1 drivers
v0x137653960_0 .net *"_ivl_98", 0 0, L_0x137656250;  1 drivers
v0x137653a00_0 .net "add_out", 3 0, L_0x13765a510;  1 drivers
v0x137653ac0_0 .net "adder_B", 3 0, L_0x137655da0;  1 drivers
o0x118031b70 .functor BUFZ 1, C4<z>; HiZ drive
v0x137653b50_0 .net "clk", 0 0, o0x118031b70;  0 drivers
o0x118031ba0 .functor BUFZ 1, C4<z>; HiZ drive
v0x137653be0_0 .net "ena", 0 0, o0x118031ba0;  0 drivers
v0x137653c70_0 .net "func", 3 0, L_0x1376545d0;  1 drivers
v0x137653d00_0 .net "led_out", 6 0, v0x1376502d0_0;  1 drivers
v0x137653d90_0 .net "logic_out", 3 0, L_0x1376577b0;  1 drivers
v0x137653e40_0 .net "neg_B", 0 0, L_0x1376559b0;  1 drivers
v0x137653ed0_0 .net "reset", 0 0, L_0x137654310;  1 drivers
o0x118031c60 .functor BUFZ 1, C4<z>; HiZ drive
v0x137653f70_0 .net "rst_n", 0 0, o0x118031c60;  0 drivers
v0x137652a20_0 .net "shift_out", 3 0, L_0x1376582a0;  1 drivers
o0x118031c90 .functor BUFZ 8, C4<zzzzzzzz>; HiZ drive
v0x137652ae0_0 .net "ui_in", 7 0, o0x118031c90;  0 drivers
o0x118031cc0 .functor BUFZ 8, C4<zzzzzzzz>; HiZ drive
v0x137652b80_0 .net "uio_in", 7 0, o0x118031cc0;  0 drivers
L_0x118068010 .functor BUFT 1, C4<11110000>, C4<0>, C4<0>, C4<0>;
v0x137654020_0 .net "uio_oe", 7 0, L_0x118068010;  1 drivers
v0x1376540d0_0 .net "uio_out", 7 0, L_0x137654990;  1 drivers
v0x137654180_0 .net "uo_out", 7 0, L_0x137655520;  1 drivers
L_0x137654310 .reduce/nor o0x118031c60;
L_0x1376543b0 .part o0x118031c90, 0, 4;
L_0x1376544f0 .part o0x118031c90, 4, 4;
L_0x1376545d0 .part o0x118031cc0, 0, 4;
LS_0x137654990_0_0 .concat8 [ 4 1 1 1], L_0x118068058, L_0x1376548c0, L_0x1376547f0, L_0x137654740;
LS_0x137654990_0_4 .concat8 [ 1 0 0 0], L_0x137654690;
L_0x137654990 .concat8 [ 7 1 0 0], LS_0x137654990_0_0, LS_0x137654990_0_4;
L_0x137654bf0 .part L_0x137657140, 0, 1;
L_0x137654cd0 .part L_0x137657140, 1, 1;
L_0x137654ea0 .part L_0x137657140, 2, 1;
L_0x137655070 .part L_0x137657140, 3, 1;
L_0x137655340 .part L_0x137657140, 3, 1;
L_0x137655520 .concat8 [ 7 1 0 0], L_0x137655420, L_0x1180680a0;
L_0x137655660 .part L_0x1376545d0, 0, 1;
L_0x137655700 .concat [ 1 31 0 0], L_0x137655660, L_0x1180680e8;
L_0x137655890 .cmp/eq 32, L_0x137655700, L_0x118068130;
L_0x1376559b0 .functor MUXZ 1, L_0x1180681c0, L_0x118068178, L_0x137655890, C4<>;
L_0x137655bd0 .functor MUXZ 1, L_0x118068250, L_0x118068208, L_0x1376559b0, C4<>;
L_0x137655da0 .functor MUXZ 4, L_0x1376544f0, L_0x137655d30, L_0x1376559b0, C4<>;
L_0x137655f10 .cmp/eq 4, L_0x1376545d0, L_0x118068298;
L_0x137655ff0 .cmp/eq 4, L_0x1376545d0, L_0x1180682e0;
L_0x1376561b0 .cmp/eq 4, L_0x1376545d0, L_0x118068328;
L_0x137656250 .cmp/eq 4, L_0x1376545d0, L_0x118068370;
L_0x137656110 .cmp/eq 4, L_0x1376545d0, L_0x1180683b8;
L_0x1376563e0 .cmp/eq 4, L_0x1376545d0, L_0x118068400;
L_0x1376562f0 .cmp/eq 4, L_0x1376545d0, L_0x118068448;
L_0x137656780 .cmp/eq 4, L_0x1376545d0, L_0x118068490;
L_0x1376568f0 .functor MUXZ 4, L_0x1376543b0, L_0x1376582a0, L_0x137656780, C4<>;
L_0x1376565c0 .functor MUXZ 4, L_0x1376568f0, L_0x1376582a0, L_0x1376562f0, C4<>;
L_0x137656a70 .functor MUXZ 4, L_0x1376565c0, L_0x1376582a0, L_0x1376563e0, C4<>;
L_0x137656bd0 .functor MUXZ 4, L_0x137656a70, L_0x1376577b0, L_0x137656110, C4<>;
L_0x137656d60 .functor MUXZ 4, L_0x137656bd0, L_0x1376577b0, L_0x137656250, C4<>;
L_0x137656e40 .functor MUXZ 4, L_0x137656d60, L_0x1376577b0, L_0x1376561b0, C4<>;
L_0x137657060 .functor MUXZ 4, L_0x137656e40, L_0x13765a510, L_0x137655ff0, C4<>;
L_0x137657140 .functor MUXZ 4, L_0x137657060, L_0x13765a510, L_0x137655f10, C4<>;
L_0x137657910 .part L_0x1376545d0, 0, 2;
L_0x137658400 .part L_0x1376545d0, 0, 2;
S_0x137630ec0 .scope module, "adder" "adder" 2 175, 2 40 0, S_0x137621dd0;
 .timescale 0 0;
    .port_info 0 /INPUT 4 "A";
    .port_info 1 /INPUT 4 "B";
    .port_info 2 /INPUT 1 "C_in";
    .port_info 3 /OUTPUT 4 "Y";
    .port_info 4 /OUTPUT 1 "C_out";
    .port_info 5 /OUTPUT 1 "V";
L_0x137657280 .functor XOR 1, L_0x1376571e0, L_0x1376585c0, C4<0>, C4<0>;
L_0x1376586e0 .functor XOR 1, L_0x137657280, L_0x137655bd0, C4<0>, C4<0>;
L_0x137658950 .functor XOR 1, L_0x137658790, L_0x137658830, C4<0>, C4<0>;
L_0x137658a00 .functor AND 1, L_0x137658950, L_0x137655bd0, C4<1>, C4<1>;
L_0x137658c70 .functor AND 1, L_0x137658b30, L_0x137658bd0, C4<1>, C4<1>;
L_0x137658da0 .functor OR 1, L_0x137658a00, L_0x137658c70, C4<0>, C4<0>;
L_0x137658fd0 .functor XOR 1, L_0x137658e90, L_0x137658f30, C4<0>, C4<0>;
L_0x137659140 .functor XOR 1, L_0x137658fd0, L_0x137658da0, C4<0>, C4<0>;
L_0x1376594d0 .functor XOR 1, L_0x137659230, L_0x137657420, C4<0>, C4<0>;
L_0x137659610 .functor AND 1, L_0x1376594d0, L_0x137658da0, C4<1>, C4<1>;
L_0x137659920 .functor AND 1, L_0x137659680, L_0x137659780, C4<1>, C4<1>;
L_0x1376599f0 .functor OR 1, L_0x137659610, L_0x137659920, C4<0>, C4<0>;
L_0x137659c50 .functor XOR 1, L_0x137659aa0, L_0x137659bb0, C4<0>, C4<0>;
L_0x137659db0 .functor XOR 1, L_0x137659c50, L_0x1376599f0, C4<0>, C4<0>;
L_0x137659b40 .functor XOR 1, L_0x137659e60, L_0x137659f80, C4<0>, C4<0>;
L_0x137659d40 .functor AND 1, L_0x137659b40, L_0x1376599f0, C4<1>, C4<1>;
L_0x137659f00 .functor AND 1, L_0x13765a160, L_0x13765a290, C4<1>, C4<1>;
L_0x13765a4a0 .functor OR 1, L_0x137659d40, L_0x137659f00, C4<0>, C4<0>;
L_0x13765a200 .functor XOR 1, L_0x13765a780, L_0x13765a820, C4<0>, C4<0>;
L_0x13765aa10 .functor XOR 1, L_0x13765a200, L_0x13765a4a0, C4<0>, C4<0>;
L_0x13765acc0 .functor XOR 1, L_0x13765aac0, L_0x13765ab60, C4<0>, C4<0>;
L_0x13765ade0 .functor AND 1, L_0x13765acc0, L_0x13765a4a0, C4<1>, C4<1>;
L_0x13765a980 .functor AND 1, L_0x13765ae50, L_0x13765aef0, C4<1>, C4<1>;
L_0x13765b120 .functor OR 1, L_0x13765ade0, L_0x13765a980, C4<0>, C4<0>;
L_0x13765ad70 .functor XOR 1, L_0x13765a4a0, L_0x13765b120, C4<0>, C4<0>;
v0x13760a320_0 .net "A", 3 0, L_0x1376543b0;  alias, 1 drivers
v0x13764cef0_0 .net "B", 3 0, L_0x137655da0;  alias, 1 drivers
v0x13764cf90_0 .net "C1", 0 0, L_0x137658da0;  1 drivers
v0x13764d040_0 .net "C2", 0 0, L_0x1376599f0;  1 drivers
v0x13764d0d0_0 .net "C3", 0 0, L_0x13765a4a0;  1 drivers
v0x13764d1b0_0 .net "C_in", 0 0, L_0x137655bd0;  alias, 1 drivers
v0x13764d250_0 .net "C_out", 0 0, L_0x13765b120;  alias, 1 drivers
v0x13764d2f0_0 .net "V", 0 0, L_0x13765ad70;  alias, 1 drivers
v0x13764d390_0 .net "Y", 3 0, L_0x13765a510;  alias, 1 drivers
v0x13764d4a0_0 .net *"_ivl_100", 0 0, L_0x13765aef0;  1 drivers
v0x13764d550_0 .net *"_ivl_101", 0 0, L_0x13765a980;  1 drivers
v0x13764d600_0 .net *"_ivl_11", 0 0, L_0x137658790;  1 drivers
v0x13764d6b0_0 .net *"_ivl_13", 0 0, L_0x137658830;  1 drivers
v0x13764d760_0 .net *"_ivl_14", 0 0, L_0x137658950;  1 drivers
v0x13764d810_0 .net *"_ivl_16", 0 0, L_0x137658a00;  1 drivers
v0x13764d8c0_0 .net *"_ivl_19", 0 0, L_0x137658b30;  1 drivers
v0x13764d970_0 .net *"_ivl_21", 0 0, L_0x137658bd0;  1 drivers
v0x13764db00_0 .net *"_ivl_22", 0 0, L_0x137658c70;  1 drivers
v0x13764db90_0 .net *"_ivl_29", 0 0, L_0x137658e90;  1 drivers
v0x13764dc40_0 .net *"_ivl_3", 0 0, L_0x1376571e0;  1 drivers
v0x13764dcf0_0 .net *"_ivl_31", 0 0, L_0x137658f30;  1 drivers
v0x13764dda0_0 .net *"_ivl_32", 0 0, L_0x137658fd0;  1 drivers
v0x13764de50_0 .net *"_ivl_34", 0 0, L_0x137659140;  1 drivers
v0x13764df00_0 .net *"_ivl_37", 0 0, L_0x137659230;  1 drivers
v0x13764dfb0_0 .net *"_ivl_39", 0 0, L_0x137657420;  1 drivers
v0x13764e060_0 .net *"_ivl_40", 0 0, L_0x1376594d0;  1 drivers
v0x13764e110_0 .net *"_ivl_42", 0 0, L_0x137659610;  1 drivers
v0x13764e1c0_0 .net *"_ivl_45", 0 0, L_0x137659680;  1 drivers
v0x13764e270_0 .net *"_ivl_47", 0 0, L_0x137659780;  1 drivers
v0x13764e320_0 .net *"_ivl_48", 0 0, L_0x137659920;  1 drivers
v0x13764e3d0_0 .net *"_ivl_5", 0 0, L_0x1376585c0;  1 drivers
v0x13764e480_0 .net *"_ivl_55", 0 0, L_0x137659aa0;  1 drivers
v0x13764e530_0 .net *"_ivl_57", 0 0, L_0x137659bb0;  1 drivers
v0x13764da20_0 .net *"_ivl_58", 0 0, L_0x137659c50;  1 drivers
v0x13764e7c0_0 .net *"_ivl_6", 0 0, L_0x137657280;  1 drivers
v0x13764e850_0 .net *"_ivl_60", 0 0, L_0x137659db0;  1 drivers
v0x13764e8f0_0 .net *"_ivl_63", 0 0, L_0x137659e60;  1 drivers
v0x13764e9a0_0 .net *"_ivl_65", 0 0, L_0x137659f80;  1 drivers
v0x13764ea50_0 .net *"_ivl_66", 0 0, L_0x137659b40;  1 drivers
v0x13764eb00_0 .net *"_ivl_68", 0 0, L_0x137659d40;  1 drivers
v0x13764ebb0_0 .net *"_ivl_71", 0 0, L_0x13765a160;  1 drivers
v0x13764ec60_0 .net *"_ivl_73", 0 0, L_0x13765a290;  1 drivers
v0x13764ed10_0 .net *"_ivl_74", 0 0, L_0x137659f00;  1 drivers
v0x13764edc0_0 .net *"_ivl_8", 0 0, L_0x1376586e0;  1 drivers
v0x13764ee70_0 .net *"_ivl_82", 0 0, L_0x13765a780;  1 drivers
v0x13764ef20_0 .net *"_ivl_84", 0 0, L_0x13765a820;  1 drivers
v0x13764efd0_0 .net *"_ivl_85", 0 0, L_0x13765a200;  1 drivers
v0x13764f080_0 .net *"_ivl_87", 0 0, L_0x13765aa10;  1 drivers
v0x13764f130_0 .net *"_ivl_90", 0 0, L_0x13765aac0;  1 drivers
v0x13764f1e0_0 .net *"_ivl_92", 0 0, L_0x13765ab60;  1 drivers
v0x13764f290_0 .net *"_ivl_93", 0 0, L_0x13765acc0;  1 drivers
v0x13764f340_0 .net *"_ivl_95", 0 0, L_0x13765ade0;  1 drivers
v0x13764f3f0_0 .net *"_ivl_98", 0 0, L_0x13765ae50;  1 drivers
L_0x1376571e0 .part L_0x1376543b0, 0, 1;
L_0x1376585c0 .part L_0x137655da0, 0, 1;
L_0x137658790 .part L_0x1376543b0, 0, 1;
L_0x137658830 .part L_0x137655da0, 0, 1;
L_0x137658b30 .part L_0x1376543b0, 0, 1;
L_0x137658bd0 .part L_0x137655da0, 0, 1;
L_0x137658e90 .part L_0x1376543b0, 1, 1;
L_0x137658f30 .part L_0x137655da0, 1, 1;
L_0x137659230 .part L_0x1376543b0, 1, 1;
L_0x137657420 .part L_0x137655da0, 1, 1;
L_0x137659680 .part L_0x1376543b0, 1, 1;
L_0x137659780 .part L_0x137655da0, 1, 1;
L_0x137659aa0 .part L_0x1376543b0, 2, 1;
L_0x137659bb0 .part L_0x137655da0, 2, 1;
L_0x137659e60 .part L_0x1376543b0, 2, 1;
L_0x137659f80 .part L_0x137655da0, 2, 1;
L_0x13765a160 .part L_0x1376543b0, 2, 1;
L_0x13765a290 .part L_0x137655da0, 2, 1;
L_0x13765a510 .concat8 [ 1 1 1 1], L_0x1376586e0, L_0x137659140, L_0x137659db0, L_0x13765aa10;
L_0x13765a780 .part L_0x1376543b0, 3, 1;
L_0x13765a820 .part L_0x137655da0, 3, 1;
L_0x13765aac0 .part L_0x1376543b0, 3, 1;
L_0x13765ab60 .part L_0x137655da0, 3, 1;
L_0x13765ae50 .part L_0x1376543b0, 3, 1;
L_0x13765aef0 .part L_0x137655da0, 3, 1;
S_0x13764f530 .scope module, "logical" "logical" 2 171, 2 85 0, S_0x137621dd0;
 .timescale 0 0;
    .port_info 0 /INPUT 4 "A";
    .port_info 1 /INPUT 4 "B";
    .port_info 2 /INPUT 2 "S";
    .port_info 3 /OUTPUT 4 "Y";
L_0x137656f60 .functor AND 4, L_0x1376543b0, L_0x1376544f0, C4<1111>, C4<1111>;
L_0x1376572f0 .functor OR 4, L_0x1376543b0, L_0x1376544f0, C4<0000>, C4<0000>;
L_0x137657360 .functor XOR 4, L_0x1376543b0, L_0x1376544f0, C4<0000>, C4<0000>;
v0x13764f700_0 .net "A", 3 0, L_0x1376543b0;  alias, 1 drivers
v0x13764f790_0 .net "B", 3 0, L_0x1376544f0;  alias, 1 drivers
v0x13764f830_0 .net "S", 1 0, L_0x137657910;  1 drivers
v0x13764f8f0_0 .net "Y", 3 0, L_0x1376577b0;  alias, 1 drivers
L_0x118068520 .functor BUFT 1, C4<01>, C4<0>, C4<0>, C4<0>;
v0x13764f9a0_0 .net/2u *"_ivl_10", 1 0, L_0x118068520;  1 drivers
v0x13764fa90_0 .net *"_ivl_12", 0 0, L_0x137657570;  1 drivers
v0x13764fb30_0 .net *"_ivl_14", 3 0, L_0x137657650;  1 drivers
L_0x1180684d8 .functor BUFT 1, C4<00>, C4<0>, C4<0>, C4<0>;
v0x13764fbe0_0 .net/2u *"_ivl_6", 1 0, L_0x1180684d8;  1 drivers
v0x13764fc90_0 .net *"_ivl_8", 0 0, L_0x1376574d0;  1 drivers
v0x13764fda0_0 .net "l_and", 3 0, L_0x137656f60;  1 drivers
v0x13764fe40_0 .net "l_or", 3 0, L_0x1376572f0;  1 drivers
v0x13764fef0_0 .net "l_xor", 3 0, L_0x137657360;  1 drivers
L_0x1376574d0 .cmp/eq 2, L_0x137657910, L_0x1180684d8;
L_0x137657570 .cmp/eq 2, L_0x137657910, L_0x118068520;
L_0x137657650 .functor MUXZ 4, L_0x137657360, L_0x1376572f0, L_0x137657570, C4<>;
L_0x1376577b0 .functor MUXZ 4, L_0x137657650, L_0x137656f60, L_0x1376574d0, C4<>;
S_0x137650000 .scope module, "seg7" "seg7" 2 178, 2 15 0, S_0x137621dd0;
 .timescale 0 0;
    .port_info 0 /INPUT 4 "counter";
    .port_info 1 /OUTPUT 7 "segments";
v0x137650210_0 .net "counter", 3 0, L_0x137657140;  alias, 1 drivers
v0x1376502d0_0 .var "segments", 6 0;
E_0x1376501c0 .event anyedge, v0x137650210_0;
S_0x1376503b0 .scope module, "shifter" "shifter" 2 173, 2 67 0, S_0x137621dd0;
 .timescale 0 0;
    .port_info 0 /INPUT 4 "A";
    .port_info 1 /INPUT 2 "S";
    .port_info 2 /OUTPUT 4 "Y";
v0x1376505e0_0 .net "A", 3 0, L_0x1376543b0;  alias, 1 drivers
v0x1376506c0_0 .net "S", 1 0, L_0x137658400;  1 drivers
v0x137650760_0 .net "SLL", 3 0, L_0x137657a50;  1 drivers
v0x137650810_0 .net "SRA", 3 0, L_0x137657dd0;  1 drivers
v0x1376508c0_0 .net "SRL", 3 0, L_0x137657c10;  1 drivers
v0x1376509b0_0 .net "Y", 3 0, L_0x1376582a0;  alias, 1 drivers
L_0x1180685b0 .functor BUFT 1, C4<0>, C4<0>, C4<0>, C4<0>;
v0x137650a60_0 .net *"_ivl_10", 0 0, L_0x1180685b0;  1 drivers
v0x137650b10_0 .net *"_ivl_14", 2 0, L_0x137657d30;  1 drivers
L_0x1180685f8 .functor BUFT 1, C4<0>, C4<0>, C4<0>, C4<0>;
v0x137650bc0_0 .net *"_ivl_16", 0 0, L_0x1180685f8;  1 drivers
L_0x118068640 .functor BUFT 1, C4<00>, C4<0>, C4<0>, C4<0>;
v0x137650cd0_0 .net/2u *"_ivl_18", 1 0, L_0x118068640;  1 drivers
v0x137650d80_0 .net *"_ivl_2", 2 0, L_0x1376579b0;  1 drivers
v0x137650e30_0 .net *"_ivl_20", 0 0, L_0x137657ef0;  1 drivers
L_0x118068688 .functor BUFT 1, C4<01>, C4<0>, C4<0>, C4<0>;
v0x137650ed0_0 .net/2u *"_ivl_22", 1 0, L_0x118068688;  1 drivers
v0x137650f80_0 .net *"_ivl_24", 0 0, L_0x137658010;  1 drivers
v0x137651020_0 .net *"_ivl_26", 3 0, L_0x137658130;  1 drivers
L_0x118068568 .functor BUFT 1, C4<0>, C4<0>, C4<0>, C4<0>;
v0x1376510d0_0 .net *"_ivl_4", 0 0, L_0x118068568;  1 drivers
v0x137651180_0 .net *"_ivl_8", 2 0, L_0x137657b70;  1 drivers
L_0x1376579b0 .part L_0x1376543b0, 0, 3;
L_0x137657a50 .concat [ 1 3 0 0], L_0x118068568, L_0x1376579b0;
L_0x137657b70 .part L_0x1376543b0, 1, 3;
L_0x137657c10 .concat [ 3 1 0 0], L_0x137657b70, L_0x1180685b0;
L_0x137657d30 .part L_0x1376543b0, 1, 3;
L_0x137657dd0 .concat [ 3 1 0 0], L_0x137657d30, L_0x1180685f8;
L_0x137657ef0 .cmp/eq 2, L_0x137658400, L_0x118068640;
L_0x137658010 .cmp/eq 2, L_0x137658400, L_0x118068688;
L_0x137658130 .functor MUXZ 4, L_0x137657dd0, L_0x137657c10, L_0x137658010, C4<>;
L_0x1376582a0 .functor MUXZ 4, L_0x137658130, L_0x137657a50, L_0x137657ef0, C4<>;
    .scope S_0x137650000;
T_0 ;
    %wait E_0x1376501c0;
    %load/vec4 v0x137650210_0;
    %dup/vec4;
    %pushi/vec4 0, 0, 4;
    %cmp/u;
    %jmp/1 T_0.0, 6;
    %dup/vec4;
    %pushi/vec4 1, 0, 4;
    %cmp/u;
    %jmp/1 T_0.1, 6;
    %dup/vec4;
    %pushi/vec4 2, 0, 4;
    %cmp/u;
    %jmp/1 T_0.2, 6;
    %dup/vec4;
    %pushi/vec4 3, 0, 4;
    %cmp/u;
    %jmp/1 T_0.3, 6;
    %dup/vec4;
    %pushi/vec4 4, 0, 4;
    %cmp/u;
    %jmp/1 T_0.4, 6;
    %dup/vec4;
    %pushi/vec4 5, 0, 4;
    %cmp/u;
    %jmp/1 T_0.5, 6;
    %dup/vec4;
    %pushi/vec4 6, 0, 4;
    %cmp/u;
    %jmp/1 T_0.6, 6;
    %dup/vec4;
    %pushi/vec4 7, 0, 4;
    %cmp/u;
    %jmp/1 T_0.7, 6;
    %dup/vec4;
    %pushi/vec4 8, 0, 4;
    %cmp/u;
    %jmp/1 T_0.8, 6;
    %dup/vec4;
    %pushi/vec4 9, 0, 4;
    %cmp/u;
    %jmp/1 T_0.9, 6;
    %pushi/vec4 0, 0, 7;
    %store/vec4 v0x1376502d0_0, 0, 7;
    %jmp T_0.11;
T_0.0 ;
    %pushi/vec4 63, 0, 7;
    %store/vec4 v0x1376502d0_0, 0, 7;
    %jmp T_0.11;
T_0.1 ;
    %pushi/vec4 6, 0, 7;
    %store/vec4 v0x1376502d0_0, 0, 7;
    %jmp T_0.11;
T_0.2 ;
    %pushi/vec4 91, 0, 7;
    %store/vec4 v0x1376502d0_0, 0, 7;
    %jmp T_0.11;
T_0.3 ;
    %pushi/vec4 79, 0, 7;
    %store/vec4 v0x1376502d0_0, 0, 7;
    %jmp T_0.11;
T_0.4 ;
    %pushi/vec4 102, 0, 7;
    %store/vec4 v0x1376502d0_0, 0, 7;
    %jmp T_0.11;
T_0.5 ;
    %pushi/vec4 109, 0, 7;
    %store/vec4 v0x1376502d0_0, 0, 7;
    %jmp T_0.11;
T_0.6 ;
    %pushi/vec4 124, 0, 7;
    %store/vec4 v0x1376502d0_0, 0, 7;
    %jmp T_0.11;
T_0.7 ;
    %pushi/vec4 7, 0, 7;
    %store/vec4 v0x1376502d0_0, 0, 7;
    %jmp T_0.11;
T_0.8 ;
    %pushi/vec4 127, 0, 7;
    %store/vec4 v0x1376502d0_0, 0, 7;
    %jmp T_0.11;
T_0.9 ;
    %pushi/vec4 103, 0, 7;
    %store/vec4 v0x1376502d0_0, 0, 7;
    %jmp T_0.11;
T_0.11 ;
    %pop/vec4 1;
    %jmp T_0;
    .thread T_0, $push;
# The file index is used to find the file name in the following table.
:file_names 3;
    "N/A";
    "<interactive>";
    "tt_um_dcb277_ALU.v";
